[Bot] Initialized.

✅ API-only mode started (no Telegram bots)
🔗 Backend API available at http://localhost:3000

(node:7696) [DEP0040] DeprecationWarning: The `punycode` module is deprecated. Please use a userland alternative instead.
(Use `node --trace-deprecation ...` to show where the warning was created)
🚀 GenTrust API Server running on port 3000 (0.0.0.0)
[0mGET /api/health [32m200[0m 3.309 ms - 182[0m
[Auth] Login attempt for: "admin"
[Auth] Login successful: "admin"
[0mPOST /api/auth/login [32m200[0m 141.130 ms - 756[0m
[Auth Middleware] Authorization header: Bearer eyJhbGciOiJIUzI1NiIsInR5cCI6IkpXVCJ9.eyJ1c2VySWQiOiI0ZDYwOTRiNy1kZTRjLTQ0ZjktYjQ4My0yNmY5ZWYwNDFkYzciLCJyb2xlIjoiQURNSU4iLCJpYXQiOjE3NzIzODQxMjksImV4cCI6MTc3Mjk4ODkyOX0.8aYLEOgDp67SoegjWuuDAX8PjK3E3Qh2MreVkWbZp68
[Auth Middleware] Extracted token: eyJhbGciOiJIUzI1NiIs...
[Auth Middleware] Token verified for user: 4d6094b7-de4c-44f9-b483-26f9ef041dc7
[Auth Middleware] Authorization header: Bearer eyJhbGciOiJIUzI1NiIsInR5cCI6IkpXVCJ9.eyJ1c2VySWQiOiI0ZDYwOTRiNy1kZTRjLTQ0ZjktYjQ4My0yNmY5ZWYwNDFkYzciLCJyb2xlIjoiQURNSU4iLCJpYXQiOjE3NzIzODQxMjksImV4cCI6MTc3Mjk4ODkyOX0.8aYLEOgDp67SoegjWuuDAX8PjK3E3Qh2MreVkWbZp68
[Auth Middleware] Extracted token: eyJhbGciOiJIUzI1NiIs...
[Auth Middleware] Token verified for user: 4d6094b7-de4c-44f9-b483-26f9ef041dc7
[0mGET /api/quests/available [36m304[0m 9.402 ms - -[0m
[0mGET /api/quests/available [36m304[0m 3.998 ms - -[0m
[Auth Middleware] Authorization header: Bearer eyJhbGciOiJIUzI1NiIsInR5cCI6IkpXVCJ9.eyJ1c2VySWQiOiI0ZDYwOTRiNy1kZTRjLTQ0ZjktYjQ4My0yNmY5ZWYwNDFkYzciLCJyb2xlIjoiQURNSU4iLCJpYXQiOjE3NzIzODQxMjksImV4cCI6MTc3Mjk4ODkyOX0.8aYLEOgDp67SoegjWuuDAX8PjK3E3Qh2MreVkWbZp68
[Auth Middleware] Extracted token: eyJhbGciOiJIUzI1NiIs...
[Auth Middleware] Token verified for user: 4d6094b7-de4c-44f9-b483-26f9ef041dc7
[Auth Middleware] Authorization header: Bearer eyJhbGciOiJIUzI1NiIsInR5cCI6IkpXVCJ9.eyJ1c2VySWQiOiI0ZDYwOTRiNy1kZTRjLTQ0ZjktYjQ4My0yNmY5ZWYwNDFkYzciLCJyb2xlIjoiQURNSU4iLCJpYXQiOjE3NzIzODQxMjksImV4cCI6MTc3Mjk4ODkyOX0.8aYLEOgDp67SoegjWuuDAX8PjK3E3Qh2MreVkWbZp68
[Auth Middleware] Extracted token: eyJhbGciOiJIUzI1NiIs...
[Auth Middleware] Token verified for user: 4d6094b7-de4c-44f9-b483-26f9ef041dc7
[0mGET /api/users/active-quest [36m304[0m 5.398 ms - -[0m
[0mGET /api/users/active-quest [36m304[0m 4.623 ms - -[0m
[0mGET /api/leaderboard [32m200[0m 2.881 ms - 1503[0m
[Auth Middleware] Authorization header: Bearer eyJhbGciOiJIUzI1NiIsInR5cCI6IkpXVCJ9.eyJ1c2VySWQiOiI0ZDYwOTRiNy1kZTRjLTQ0ZjktYjQ4My0yNmY5ZWYwNDFkYzciLCJyb2xlIjoiQURNSU4iLCJpYXQiOjE3NzIzODQxMjksImV4cCI6MTc3Mjk4ODkyOX0.8aYLEOgDp67SoegjWuuDAX8PjK3E3Qh2MreVkWbZp68
[Auth Middleware] Extracted token: eyJhbGciOiJIUzI1NiIs...
[Auth Middleware] Token verified for user: 4d6094b7-de4c-44f9-b483-26f9ef041dc7
[0mGET /api/users/me [32m200[0m 4.240 ms - 262[0m
[Auth Middleware] Authorization header: Bearer eyJhbGciOiJIUzI1NiIsInR5cCI6IkpXVCJ9.eyJ1c2VySWQiOiI0ZDYwOTRiNy1kZTRjLTQ0ZjktYjQ4My0yNmY5ZWYwNDFkYzciLCJyb2xlIjoiQURNSU4iLCJpYXQiOjE3NzIzODQxMjksImV4cCI6MTc3Mjk4ODkyOX0.8aYLEOgDp67SoegjWuuDAX8PjK3E3Qh2MreVkWbZp68
[Auth Middleware] Extracted token: eyJhbGciOiJIUzI1NiIs...
[Auth Middleware] Token verified for user: 4d6094b7-de4c-44f9-b483-26f9ef041dc7
[0mPATCH /api/users/me [32m200[0m 6.404 ms - 42[0m
[Auth Middleware] Authorization header: Bearer eyJhbGciOiJIUzI1NiIsInR5cCI6IkpXVCJ9.eyJ1c2VySWQiOiI0ZDYwOTRiNy1kZTRjLTQ0ZjktYjQ4My0yNmY5ZWYwNDFkYzciLCJyb2xlIjoiQURNSU4iLCJpYXQiOjE3NzIzODQxMjksImV4cCI6MTc3Mjk4ODkyOX0.8aYLEOgDp67SoegjWuuDAX8PjK3E3Qh2MreVkWbZp68
[Auth Middleware] Extracted token: eyJhbGciOiJIUzI1NiIs...
[Auth Middleware] Token verified for user: 4d6094b7-de4c-44f9-b483-26f9ef041dc7
[0mGET /api/users/me [32m200[0m 2.500 ms - 285[0m
[0mGET /api [33m404[0m 10.667 ms - 142[0m
[0mGET /socket.io/?EIO=4&transport=websocket [33m404[0m 0.468 ms - 149[0m
[0mGET /socket.io/?EIO=4&transport=websocket [33m404[0m 0.336 ms - 149[0m
[0mGET /socket.io/?EIO=4&transport=websocket [33m404[0m 1.585 ms - 149[0m
[0mGET /api/stats/dashboard [33m404[0m 0.415 ms - 158[0m
[0mGET /socket.io/?EIO=4&transport=websocket [33m404[0m 0.374 ms - 149[0m
[0mGET /socket.io/?EIO=4&transport=websocket [33m404[0m 0.288 ms - 149[0m
[0mGET /socket.io/?EIO=4&transport=websocket [33m404[0m 0.468 ms - 149[0m
[0mGET /socket.io/?EIO=4&transport=websocket [33m404[0m 0.592 ms - 149[0m
[0mGET /socket.io/?EIO=4&transport=websocket [33m404[0m 0.515 ms - 149[0m
[0mGET /socket.io/?EIO=4&transport=websocket [33m404[0m 0.293 ms - 149[0m
[0mGET /socket.io/?EIO=4&transport=websocket [33m404[0m 0.254 ms - 149[0m
[0mGET /socket.io/?EIO=4&transport=websocket [33m404[0m 0.273 ms - 149[0m
[0mGET /socket.io/?EIO=4&transport=websocket [33m404[0m 0.469 ms - 149[0m
[0mGET /socket.io/?EIO=4&transport=websocket [33m404[0m 0.716 ms - 149[0m
[0mGET /api/reports [33m404[0m 0.749 ms - 150[0m
[0mGET /socket.io/?EIO=4&transport=websocket [33m404[0m 0.299 ms - 149[0m
[0mGET /socket.io/?EIO=4&transport=websocket [33m404[0m 0.231 ms - 149[0m
[0mGET /api/reports [33m404[0m 0.310 ms - 150[0m
[0mGET /socket.io/?EIO=4&transport=websocket [33m404[0m 0.513 ms - 149[0m
[0mGET /socket.io/?EIO=4&transport=websocket [33m404[0m 0.361 ms - 149[0m
[0mGET /socket.io/?EIO=4&transport=websocket [33m404[0m 0.206 ms - 149[0m
[0mGET /socket.io/?EIO=4&transport=websocket [33m404[0m 0.315 ms - 149[0m
[0mGET /api/stats/dashboard [33m404[0m 0.263 ms - 158[0m
[0mGET /socket.io/?EIO=4&transport=websocket [33m404[0m 0.193 ms - 149[0m
[0mGET /socket.io/?EIO=4&transport=websocket [33m404[0m 0.180 ms - 149[0m
[0mGET /socket.io/?EIO=4&transport=websocket [33m404[0m 0.265 ms - 149[0m
[0mGET /socket.io/?EIO=4&transport=websocket [33m404[0m 0.230 ms - 149[0m
[0mGET /socket.io/?EIO=4&transport=websocket [33m404[0m 0.286 ms - 149[0m
[0mGET /socket.io/?EIO=4&transport=websocket [33m404[0m 1.676 ms - 149[0m
[0mGET /api/users [33m404[0m 0.643 ms - 148[0m
[0mGET /socket.io/?EIO=4&transport=websocket [33m404[0m 0.302 ms - 149[0m
[0mGET /socket.io/?EIO=4&transport=websocket [33m404[0m 0.207 ms - 149[0m
[0mGET /socket.io/?EIO=4&transport=websocket [33m404[0m 0.202 ms - 149[0m
[0mGET /socket.io/?EIO=4&transport=websocket [33m404[0m 0.176 ms - 149[0m
[0mGET /socket.io/?EIO=4&transport=websocket [33m404[0m 0.233 ms - 149[0m
[0mGET /socket.io/?EIO=4&transport=websocket [33m404[0m 2.040 ms - 149[0m
[0mGET /socket.io/?EIO=4&transport=websocket [33m404[0m 0.177 ms - 149[0m
[0mGET /api/stats/dashboard [33m404[0m 0.202 ms - 158[0m
[0mGET /socket.io/?EIO=4&transport=websocket [33m404[0m 1.000 ms - 149[0m
[0mGET /api/reports [33m404[0m 1.699 ms - 150[0m
[0mGET /socket.io/?EIO=4&transport=websocket [33m404[0m 0.135 ms - 149[0m
