[0;34m╔════════════════════════════════════════════════════════╗[0m
[0;34m║  🚀 GENTRUST MOBILITY - АВТОЗАПУСК СИСТЕМИ           ║[0m
[0;34m╚════════════════════════════════════════════════════════╝[0m

[1;33m📡 Перевірка портів...[0m

[0;31m❌ Порт 3000 зайнятий (PID: 89616)[0m
[1;33m   Зупиняю процес...[0m
[0;32m   ✅ Порт 3000 звільнено[0m
[0;32m✅ Порт 5173 вільний[0m
[0;32m✅ Порт 5174 вільний[0m
[0;32m✅ Порт 8081 вільний[0m
[0;31m❌ Порт 8082 зайнятий (PID: 3634)[0m
[1;33m   Зупиняю процес...[0m
[0;32m   ✅ Порт 8082 звільнено[0m

[1;33m🧹 Зупиняю старі процеси Expo...[0m

[1;33m🔄 Очищення кешів...[0m

[0;34m╔════════════════════════════════════════════════════════╗[0m
[0;34m║  🚀 ЗАПУСК СЕРВІСІВ                                   ║[0m
[0;34m╚════════════════════════════════════════════════════════╝[0m

[1;33m1️⃣  Запуск Backend API (port 3000)...[0m
[0;32m   ✅ Backend запущено (PID: 15143)[0m
[0;32m   ✅ Backend відповідає[0m

[1;33m2️⃣  Запуск Staff Panel (port 5173)...[0m
[0;32m   ✅ Staff Panel запущено (PID: 15187)[0m

[1;33m3️⃣  Запуск Admin Panel (port 5174)...[0m
[0;32m   ✅ Admin Panel запущено (PID: 15209)[0m

[1;33m4️⃣  Запуск Mobile Client (port 8081)...[0m
[0;32m   ✅ Mobile Client запущено (PID: 15228)[0m

[1;33m5️⃣  Запуск Mobile School (port 8082)...[0m
[0;32m   ✅ Mobile School запущено (PID: 15253)[0m

[1;33m📱 Відкриття додатків на симуляторах...[0m
[0;31m   ⚠️  Не вдалося відкрити Client (симулятор не запущений?)[0m
[0;31m   ⚠️  Не вдалося відкрити School (симулятор не запущений?)[0m

[0;34m╔════════════════════════════════════════════════════════╗[0m
[0;34m║  ✅ СИСТЕМА ЗАПУЩЕНА                                  ║[0m
[0;34m╚════════════════════════════════════════════════════════╝[0m

[0;32m🌐 ПОСИЛАННЯ:[0m
   Backend API:      [0;34mhttp://localhost:3000/api[0m
   Staff Panel:      [0;34mhttp://localhost:5173[0m
   Admin Panel:      [0;34mhttp://localhost:5174[0m
   Mobile Client:    [0;34mexp://192.168.178.34:8081[0m
   Mobile School:    [0;34mexp://192.168.178.34:8082[0m

[0;32m🔐 ТЕСТОВІ ДАНІ:[0m
   Email:    [1;33madmin[0m
   Password: [1;33madmin[0m

[0;32m📊 PID процесів:[0m
   Backend: 15143
   Staff Panel: 15187
   Admin Panel: 15209
   Mobile Client: 15228
   Mobile School: 15253

[1;33m💡 Для зупинки всіх сервісів запустіть:[0m
   [0;34m./stop.sh[0m або [0;34mpkill -f 'expo start' && kill 15143 15187 15209[0m

[0;32m✨ Готово до презентації![0m

