
> mobile-parent@1.0.0 start
> expo start --port 8082

The /ios project does not contain any URI schemes. Expo CLI will not be able to use links to launch the project. You can configure a custom URI scheme using the --scheme option.
Starting project at /Users/apple/Desktop/GenTrust_Mobility_DE/mobile-parent
Starting Metro Bundler
Waiting on http://localhost:8082
Logs for your project will appear below.
Android ./index.ts ░░░░░░░░░░░░░░░░  0.0% (0/1)
Android Bundled 763ms index.ts (957 modules)
 ERROR  i18next::pluralResolver: Your environment seems not to be Intl API compatible, use an Intl.PluralRules polyfill. Will fallback to the compatibilityJSON v3 format handling.
 LOG  [CONFIG] Resolved API host: 192.168.178.34
 LOG  [CONFIG] API URL: http://192.168.178.34:3000/api
 WARN  SafeAreaView has been deprecated and will be removed in a future release. Please use 'react-native-safe-area-context' instead. See https://github.com/th3rdwave/react-native-safe-area-context
Android ./index.ts ░░░░░░░░░░░░░░░░  0.0% (0/1)
Android Bundled 1068ms index.ts (1 module)
 ERROR  i18next::pluralResolver: Your environment seems not to be Intl API compatible, use an Intl.PluralRules polyfill. Will fallback to the compatibilityJSON v3 format handling.
 LOG  [CONFIG] Resolved API host: 192.168.178.34
 LOG  [CONFIG] API URL: http://192.168.178.34:3000/api
 WARN  SafeAreaView has been deprecated and will be removed in a future release. Please use 'react-native-safe-area-context' instead. See https://github.com/th3rdwave/react-native-safe-area-context
 ERROR  Text strings must be rendered within a <Text> component.
 ERROR  Text strings must be rendered within a <Text> component.
 ERROR  [Invariant Violation: View config getter callback for component `span` must be a function (received `undefined`). Make sure to start component names with a capital letter.]
 ERROR  SyntaxError: /Users/apple/Desktop/GenTrust_Mobility_DE/mobile-parent/screens/ChildActivityScreen.tsx: Missing semicolon. (364:19)

  362 | });
  363 |         marginBottom: 12,
> 364 |         shadowColor: '#000',
      |                    ^
  365 |         shadowOffset: { width: 0, height: 2 },
  366 |         shadowOpacity: 0.1,
  367 |         shadowRadius: 4,
    at constructor (/Users/apple/Desktop/GenTrust_Mobility_DE/mobile-parent/node_modules/@babel/parser/lib/index.js:365:19)
    at TypeScriptParserMixin.raise (/Users/apple/Desktop/GenTrust_Mobility_DE/mobile-parent/node_modules/@babel/parser/lib/index.js:6599:19)
    at TypeScriptParserMixin.semicolon (/Users/apple/Desktop/GenTrust_Mobility_DE/mobile-parent/node_modules/@babel/parser/lib/index.js:6895:10)
    at TypeScriptParserMixin.parseExpressionStatement (/Users/apple/Desktop/GenTrust_Mobility_DE/mobile-parent/node_modules/@babel/parser/lib/index.js:13285:10)
    at TypeScriptParserMixin.parseStatementContent (/Users/apple/Desktop/GenTrust_Mobility_DE/mobile-parent/node_modules/@babel/parser/lib/index.js:12899:19)
    at TypeScriptParserMixin.parseStatementContent (/Users/apple/Desktop/GenTrust_Mobility_DE/mobile-parent/node_modules/@babel/parser/lib/index.js:9508:18)
    at TypeScriptParserMixin.parseStatementLike (/Users/apple/Desktop/GenTrust_Mobility_DE/mobile-parent/node_modules/@babel/parser/lib/index.js:12767:17)
    at TypeScriptParserMixin.parseStatementOrSloppyAnnexBFunctionDeclaration (/Users/apple/Desktop/GenTrust_Mobility_DE/mobile-parent/node_modules/@babel/parser/lib/index.js:12757:17)
    at TypeScriptParserMixin.parseLabeledStatement (/Users/apple/Desktop/GenTrust_Mobility_DE/mobile-parent/node_modules/@babel/parser/lib/index.js:13278:34)
    at TypeScriptParserMixin.parseStatementContent (/Users/apple/Desktop/GenTrust_Mobility_DE/mobile-parent/node_modules/@babel/parser/lib/index.js:12897:19)
    at TypeScriptParserMixin.parseStatementContent (/Users/apple/Desktop/GenTrust_Mobility_DE/mobile-parent/node_modules/@babel/parser/lib/index.js:9508:18)
    at TypeScriptParserMixin.parseStatementLike (/Users/apple/Desktop/GenTrust_Mobility_DE/mobile-parent/node_modules/@babel/parser/lib/index.js:12767:17)
    at TypeScriptParserMixin.parseModuleItem (/Users/apple/Desktop/GenTrust_Mobility_DE/mobile-parent/node_modules/@babel/parser/lib/index.js:12744:17)
    at TypeScriptParserMixin.parseBlockOrModuleBlockBody (/Users/apple/Desktop/GenTrust_Mobility_DE/mobile-parent/node_modules/@babel/parser/lib/index.js:13316:36)
    at TypeScriptParserMixin.parseBlockBody (/Users/apple/Desktop/GenTrust_Mobility_DE/mobile-parent/node_modules/@babel/parser/lib/index.js:13309:10)
    at TypeScriptParserMixin.parseProgram (/Users/apple/Desktop/GenTrust_Mobility_DE/mobile-parent/node_modules/@babel/parser/lib/index.js:12622:10)
    at TypeScriptParserMixin.parseTopLevel (/Users/apple/Desktop/GenTrust_Mobility_DE/mobile-parent/node_modules/@babel/parser/lib/index.js:12612:25)
    at TypeScriptParserMixin.parse (/Users/apple/Desktop/GenTrust_Mobility_DE/mobile-parent/node_modules/@babel/parser/lib/index.js:14488:25)
    at TypeScriptParserMixin.parse (/Users/apple/Desktop/GenTrust_Mobility_DE/mobile-parent/node_modules/@babel/parser/lib/index.js:10126:18)
    at parse (/Users/apple/Desktop/GenTrust_Mobility_DE/mobile-parent/node_modules/@babel/parser/lib/index.js:14501:26)
    at parser (/Users/apple/Desktop/GenTrust_Mobility_DE/mobile-parent/node_modules/@babel/core/lib/parser/index.js:41:34)
    at parser.next (<anonymous>)
    at normalizeFile (/Users/apple/Desktop/GenTrust_Mobility_DE/mobile-parent/node_modules/@babel/core/lib/transformation/normalize-file.js:64:37)
    at normalizeFile.next (<anonymous>)
    at run (/Users/apple/Desktop/GenTrust_Mobility_DE/mobile-parent/node_modules/@babel/core/lib/transformation/index.js:22:50)
    at run.next (<anonymous>)
    at transform (/Users/apple/Desktop/GenTrust_Mobility_DE/mobile-parent/node_modules/@babel/core/lib/transform.js:22:33)
    at transform.next (<anonymous>)
    at evaluateSync (/Users/apple/Desktop/GenTrust_Mobility_DE/mobile-parent/node_modules/gensync/index.js:251:28)
    at sync (/Users/apple/Desktop/GenTrust_Mobility_DE/mobile-parent/node_modules/gensync/index.js:89:14)
    at stopHiding - secret - don't use this - v1 (/Users/apple/Desktop/GenTrust_Mobility_DE/mobile-parent/node_modules/@babel/core/lib/errors/rewrite-stack-trace.js:47:12)
    at Object.transformSync (/Users/apple/Desktop/GenTrust_Mobility_DE/mobile-parent/node_modules/@babel/core/lib/transform.js:40:76)
    at parseWithBabel (/Users/apple/Desktop/GenTrust_Mobility_DE/mobile-parent/node_modules/@expo/metro-config/build/transformSync.js:75:18)
    at transformSync (/Users/apple/Desktop/GenTrust_Mobility_DE/mobile-parent/node_modules/@expo/metro-config/build/transformSync.js:54:16)
    at Object.transform (/Users/apple/Desktop/GenTrust_Mobility_DE/mobile-parent/node_modules/@expo/metro-config/build/babel-transformer.js:127:58)
    at transformJSWithBabel (/Users/apple/Desktop/GenTrust_Mobility_DE/mobile-parent/node_modules/@expo/metro-config/build/transform-worker/metro-transform-worker.js:468:47)
    at Object.transform (/Users/apple/Desktop/GenTrust_Mobility_DE/mobile-parent/node_modules/@expo/metro-config/build/transform-worker/metro-transform-worker.js:583:12)
    at Object.transform (/Users/apple/Desktop/GenTrust_Mobility_DE/mobile-parent/node_modules/@expo/metro-config/build/transform-worker/transform-worker.js:178:19)
    at Object.transform (/Users/apple/Desktop/GenTrust_Mobility_DE/node_modules/@expo/metro-config/build/transform-worker/supervising-transform-worker.js:94:25)
    at transformFile (/Users/apple/Desktop/GenTrust_Mobility_DE/node_modules/metro/src/DeltaBundler/Worker.flow.js:67:36)
    at Object.transform (/Users/apple/Desktop/GenTrust_Mobility_DE/node_modules/metro/src/DeltaBundler/Worker.flow.js:42:10)
    at execFunction (/Users/apple/Desktop/GenTrust_Mobility_DE/node_modules/jest-worker/build/workers/processChild.js:149:17)
    at execHelper (/Users/apple/Desktop/GenTrust_Mobility_DE/node_modules/jest-worker/build/workers/processChild.js:137:5)
    at execMethod (/Users/apple/Desktop/GenTrust_Mobility_DE/node_modules/jest-worker/build/workers/processChild.js:140:5)
    at process.messageListener (/Users/apple/Desktop/GenTrust_Mobility_DE/node_modules/jest-worker/build/workers/processChild.js:44:7)
    at process.emit (node:events:508:20)
    at emit (node:internal/child_process:932:14)
    at process.processTicksAndRejections (node:internal/process/task_queues:91:21)
 ERROR  [Error: TransformError SyntaxError: /Users/apple/Desktop/GenTrust_Mobility_DE/mobile-parent/screens/ChildActivityScreen.tsx: Missing semicolon. (364:19)

[0m [90m 362 |[39m })[33m;[39m
 [90m 363 |[39m         marginBottom[33m:[39m [35m12[39m[33m,[39m
[31m[1m>[22m[39m[90m 364 |[39m         shadowColor[33m:[39m [32m'#000'[39m[33m,[39m
 [90m     |[39m                    [31m[1m^[22m[39m
 [90m 365 |[39m         shadowOffset[33m:[39m { width[33m:[39m [35m0[39m[33m,[39m height[33m:[39m [35m2[39m }[33m,[39m
 [90m 366 |[39m         shadowOpacity[33m:[39m [35m0.1[39m[33m,[39m
 [90m 367 |[39m         shadowRadius[33m:[39m [35m4[39m[33m,[39m[0m]
Unable to resolve "./screens/ChildActivityScreen" from "App.tsx"
[0m [90m  8 |[39m [36mimport[39m [33mParentHomeScreen[39m [36mfrom[39m [32m'./screens/ParentHomeScreen'[39m[33m;[39m
 [90m  9 |[39m [36mimport[39m [33mChildTrackingScreen[39m [36mfrom[39m [32m'./screens/ChildTrackingScreen'[39m[33m;[39m
[31m[1m>[22m[39m[90m 10 |[39m [36mimport[39m [33mChildActivityScreen[39m [36mfrom[39m [32m'./screens/ChildActivityScreen'[39m[33m;[39m
 [90m    |[39m                                  [31m[1m^[22m[39m
 [90m 11 |[39m [36mimport[39m [33mCreateTaskScreen[39m [36mfrom[39m [32m'./screens/CreateTaskScreen'[39m[33m;[39m
 [90m 12 |[39m [36mimport[39m [33mTasksScreen[39m [36mfrom[39m [32m'./screens/TasksScreen'[39m[33m;[39m
 [90m 13 |[39m [36mimport[39m [33mProfileScreen[39m [36mfrom[39m [32m'./screens/ProfileScreen'[39m[33m;[39m[0m

Import stack:

 App.tsx
 | import "./screens/ChildActivityScreen"

 
 | import "./App"

 ERROR  [Error: UnableToResolveError Unable to resolve module ./screens/ChildActivityScreen from /Users/apple/Desktop/GenTrust_Mobility_DE/mobile-parent/App.tsx: 

None of these files exist:
  * screens/ChildActivityScreen(.android.ts|.native.ts|.ts|.android.tsx|.native.tsx|.tsx|.android.mjs|.native.mjs|.mjs|.android.js|.native.js|.js|.android.jsx|.native.jsx|.jsx|.android.json|.native.json|.json|.android.cjs|.native.cjs|.cjs|.android.scss|.native.scss|.scss|.android.sass|.native.sass|.sass|.android.css|.native.css|.css)
  * screens/ChildActivityScreen
[0m [90m  8 |[39m [36mimport[39m [33mParentHomeScreen[39m [36mfrom[39m [32m'./screens/ParentHomeScreen'[39m[33m;[39m
 [90m  9 |[39m [36mimport[39m [33mChildTrackingScreen[39m [36mfrom[39m [32m'./screens/ChildTrackingScreen'[39m[33m;[39m
[31m[1m>[22m[39m[90m 10 |[39m [36mimport[39m [33mChildActivityScreen[39m [36mfrom[39m [32m'./screens/ChildActivityScreen'[39m[33m;[39m
 [90m    |[39m                                  [31m[1m^[22m[39m
 [90m 11 |[39m [36mimport[39m [33mCreateTaskScreen[39m [36mfrom[39m [32m'./screens/CreateTaskScreen'[39m[33m;[39m
 [90m 12 |[39m [36mimport[39m [33mTasksScreen[39m [36mfrom[39m [32m'./screens/TasksScreen'[39m[33m;[39m
 [90m 13 |[39m [36mimport[39m [33mProfileScreen[39m [36mfrom[39m [32m'./screens/ProfileScreen'[39m[33m;[39m[0m]
 ERROR  Text strings must be rendered within a <Text> component.
 ERROR  Text strings must be rendered within a <Text> component.
 ERROR  [Invariant Violation: View config getter callback for component `span` must be a function (received `undefined`). Make sure to start component names with a capital letter.]
 ERROR  [Error: Got an invalid value for 'component' prop for the screen 'Activity'. It must be a valid React Component.]
